<?xml version="1.0" encoding="UTF-8"?>
<!-- Generated by org.testng.reporters.JUnitReportReporter -->
<testsuite hostname="DESKTOP-TUAS121" failures="0" tests="1" name="PatientModule" time="15.287" errors="0" timestamp="2023-06-10T16:56:18 IST" skipped="0">
  <testcase classname="PatientModule" name="patientLogin" time="15.287"/>
  <system-out/>
</testsuite> <!-- PatientModule -->
