<?xml version="1.0" encoding="UTF-8"?>
<!-- Generated by org.testng.reporters.JUnitReportReporter -->
<testsuite hostname="DESKTOP-TUAS121" failures="0" tests="1" name="JavaProgram" time="0.067" errors="0" timestamp="2023-06-10T18:37:25 IST" skipped="0">
  <testcase classname="JavaProgram" name="sample" time="0.067"/>
  <system-out/>
</testsuite> <!-- JavaProgram -->
