<?xml version="1.0" encoding="UTF-8"?>
<!-- Generated by org.testng.reporters.JUnitReportReporter -->
<testsuite hostname="DESKTOP-TUAS121" failures="0" tests="1" name="SampleProgram" time="0.062" errors="0" timestamp="2023-06-10T19:40:23 IST" skipped="0">
  <testcase classname="SampleProgram" name="sample" time="0.062"/>
  <system-out/>
</testsuite> <!-- SampleProgram -->
