<?xml version="1.0" encoding="UTF-8"?>
<!-- Generated by org.testng.reporters.JUnitReportReporter -->
<testsuite hostname="DESKTOP-TUAS121" failures="0" tests="5" name="SampleTest" time="0.132" errors="0" timestamp="2023-06-10T18:25:48 IST" skipped="0">
  <testcase classname="SampleTest" name="sample" time="0.033"/>
  <system-out/>
  <testcase classname="SampleTest" name="sample" time="0.053"/>
  <system-out/>
  <testcase classname="SampleTest" name="sample" time="0.014"/>
  <system-out/>
  <testcase classname="SampleTest" name="sample" time="0.018"/>
  <system-out/>
  <testcase classname="SampleTest" name="sample" time="0.014"/>
  <system-out/>
</testsuite> <!-- SampleTest -->
