<?xml version="1.0" encoding="UTF-8"?>
<!-- Generated by org.testng.reporters.JUnitReportReporter -->
<testsuite hostname="DESKTOP-TUAS121" failures="0" tests="1" name="LaunchApplicationTest" time="0.136" errors="0" timestamp="2023-06-11T12:08:00 IST" skipped="0">
  <testcase classname="LaunchApplicationTest" name="sample" time="0.136"/>
  <system-out/>
</testsuite> <!-- LaunchApplicationTest -->
