<?xml version="1.0" encoding="UTF-8"?>
<!-- Generated by org.testng.reporters.JUnitReportReporter -->
<testsuite hostname="DESKTOP-TUAS121" failures="0" tests="1" name="WindowHandles" time="49.851" errors="0" timestamp="2023-06-10T18:54:46 IST" skipped="0">
  <testcase classname="WindowHandles" name="sample" time="49.851"/>
  <system-out/>
</testsuite> <!-- WindowHandles -->
