<?xml version="1.0" encoding="UTF-8"?>
<!-- Generated by org.testng.reporters.JUnitReportReporter -->
<testsuite hostname="DESKTOP-TUAS121" failures="0" tests="1" name="executableFiles.LaunchApplicationTest" time="0.216" errors="0" timestamp="2023-06-19T13:17:20 IST" skipped="0">
  <testcase classname="executableFiles.LaunchApplicationTest" name="sample" time="0.216"/>
</testsuite> <!-- executableFiles.LaunchApplicationTest -->
