<?xml version="1.0" encoding="UTF-8"?>
<!-- Generated by org.testng.reporters.JUnitReportReporter -->
<testsuite hostname="DESKTOP-TUAS121" failures="0" tests="1" name="executableFiles.MicTest" time="54.532" errors="0" timestamp="2023-06-19T11:37:12 IST" skipped="0">
  <testcase classname="executableFiles.MicTest" name="micTest" time="54.532"/>
</testsuite> <!-- executableFiles.MicTest -->
