<?xml version="1.0" encoding="UTF-8"?>
<!-- Generated by org.testng.reporters.JUnitReportReporter -->
<testsuite hostname="DESKTOP-TUAS121" failures="0" tests="1" name="ParameterTest" time="0.075" errors="0" timestamp="2023-06-04T12:30:54 IST" skipped="0">
  <testcase classname="ParameterTest" name="sample" time="0.075"/>
  <system-out/>
</testsuite> <!-- ParameterTest -->
