<?xml version="1.0" encoding="UTF-8"?>
<!-- Generated by org.testng.reporters.JUnitReportReporter -->
<testsuite hostname="DESKTOP-TUAS121" failures="0" tests="1" name="sampleJavaTest" time="0.062" errors="0" timestamp="2023-06-07T11:57:13 IST" skipped="0">
  <testcase classname="sampleJavaTest" name="sample" time="0.062"/>
  <system-out/>
</testsuite> <!-- sampleJavaTest -->
