<?xml version="1.0" encoding="UTF-8"?>
<!-- Generated by org.testng.reporters.JUnitReportReporter -->
<testsuite hostname="DESKTOP-TUAS121" failures="0" tests="5" name="DataProvider" time="0.279" errors="0" timestamp="2023-06-10T18:25:09 IST" skipped="0">
  <testcase classname="DataProvider" name="sam" time="0.022"/>
  <system-out/>
  <testcase classname="DataProvider" name="sam" time="0.117"/>
  <system-out/>
  <testcase classname="DataProvider" name="sam" time="0.013"/>
  <system-out/>
  <testcase classname="DataProvider" name="sam" time="0.119"/>
  <system-out/>
  <testcase classname="DataProvider" name="sam" time="0.008"/>
  <system-out/>
</testsuite> <!-- DataProvider -->
