<?xml version="1.0" encoding="UTF-8"?>
<!-- Generated by org.testng.reporters.JUnitReportReporter -->
<testsuite hostname="DESKTOP-TUAS121" failures="0" tests="1" name="executableFiles.HelloWorls" time="0.208" errors="0" timestamp="2023-06-11T18:49:05 IST" skipped="0">
  <testcase classname="executableFiles.HelloWorls" name="sample" time="0.208"/>
</testsuite> <!-- executableFiles.HelloWorls -->
